Analysis & Synthesis report for cachorro_automatico
Tue Oct 29 17:01:25 2024
Quartus Prime Version 20.1.0 Build 711 06/05/2020 SJ Lite Edition


---------------------
; Table of Contents ;
---------------------
  1. Legal Notice
  2. Analysis & Synthesis Summary
  3. Analysis & Synthesis Settings
  4. Parallel Compilation
  5. Analysis & Synthesis Source Files Read
  6. Analysis & Synthesis Resource Usage Summary
  7. Analysis & Synthesis Resource Utilization by Entity
  8. General Register Statistics
  9. Port Connectivity Checks: "controle:controle_instan|mux_2x1_gl:muxA"
 10. Port Connectivity Checks: "controle:controle_instan|mux_2x1_gl:muxB"
 11. Port Connectivity Checks: "controle:controle_instan|mux_2x1_gl:muxC"
 12. Analysis & Synthesis Messages
 13. Analysis & Synthesis Suppressed Messages



----------------
; Legal Notice ;
----------------
Copyright (C) 2020  Intel Corporation. All rights reserved.
Your use of Intel Corporation's design tools, logic functions 
and other software and tools, and any partner logic 
functions, and any output files from any of the foregoing 
(including device programming or simulation files), and any 
associated documentation or information are expressly subject 
to the terms and conditions of the Intel Program License 
Subscription Agreement, the Intel Quartus Prime License Agreement,
the Intel FPGA IP License Agreement, or other applicable license
agreement, including, without limitation, that your use is for
the sole purpose of programming logic devices manufactured by
Intel and sold by Intel or its authorized distributors.  Please
refer to the applicable agreement for further details, at
https://fpgasoftware.intel.com/eula.



+---------------------------------------------------------------------------+
; Analysis & Synthesis Summary                                              ;
+-----------------------------+---------------------------------------------+
; Analysis & Synthesis Status ; Successful - Tue Oct 29 17:01:25 2024       ;
; Quartus Prime Version       ; 20.1.0 Build 711 06/05/2020 SJ Lite Edition ;
; Revision Name               ; cachorro_automatico                         ;
; Top-level Entity Name       ; contador_sincrono                           ;
; Family                      ; MAX II                                      ;
; Total logic elements        ; 6                                           ;
; Total pins                  ; 6                                           ;
; Total virtual pins          ; 0                                           ;
; UFM blocks                  ; 0 / 1 ( 0 % )                               ;
+-----------------------------+---------------------------------------------+


+-------------------------------------------------------------------------------------------------------------+
; Analysis & Synthesis Settings                                                                               ;
+------------------------------------------------------------------+--------------------+---------------------+
; Option                                                           ; Setting            ; Default Value       ;
+------------------------------------------------------------------+--------------------+---------------------+
; Device                                                           ; EPM240T100C5       ;                     ;
; Top-level entity name                                            ; contador_sincrono  ; cachorro_automatico ;
; Family name                                                      ; MAX II             ; Cyclone V           ;
; Use smart compilation                                            ; Off                ; Off                 ;
; Enable parallel Assembler and Timing Analyzer during compilation ; On                 ; On                  ;
; Enable compact report table                                      ; Off                ; Off                 ;
; Restructure Multiplexers                                         ; Auto               ; Auto                ;
; Create Debugging Nodes for IP Cores                              ; Off                ; Off                 ;
; Preserve fewer node names                                        ; On                 ; On                  ;
; Intel FPGA IP Evaluation Mode                                    ; Enable             ; Enable              ;
; Verilog Version                                                  ; Verilog_2001       ; Verilog_2001        ;
; VHDL Version                                                     ; VHDL_1993          ; VHDL_1993           ;
; State Machine Processing                                         ; Auto               ; Auto                ;
; Safe State Machine                                               ; Off                ; Off                 ;
; Extract Verilog State Machines                                   ; On                 ; On                  ;
; Extract VHDL State Machines                                      ; On                 ; On                  ;
; Ignore Verilog initial constructs                                ; Off                ; Off                 ;
; Iteration limit for constant Verilog loops                       ; 5000               ; 5000                ;
; Iteration limit for non-constant Verilog loops                   ; 250                ; 250                 ;
; Add Pass-Through Logic to Inferred RAMs                          ; On                 ; On                  ;
; Infer RAMs from Raw Logic                                        ; On                 ; On                  ;
; Parallel Synthesis                                               ; On                 ; On                  ;
; NOT Gate Push-Back                                               ; On                 ; On                  ;
; Power-Up Don't Care                                              ; On                 ; On                  ;
; Remove Redundant Logic Cells                                     ; Off                ; Off                 ;
; Remove Duplicate Registers                                       ; On                 ; On                  ;
; Ignore CARRY Buffers                                             ; Off                ; Off                 ;
; Ignore CASCADE Buffers                                           ; Off                ; Off                 ;
; Ignore GLOBAL Buffers                                            ; Off                ; Off                 ;
; Ignore ROW GLOBAL Buffers                                        ; Off                ; Off                 ;
; Ignore LCELL Buffers                                             ; Off                ; Off                 ;
; Ignore SOFT Buffers                                              ; On                 ; On                  ;
; Limit AHDL Integers to 32 Bits                                   ; Off                ; Off                 ;
; Optimization Technique                                           ; Balanced           ; Balanced            ;
; Carry Chain Length                                               ; 70                 ; 70                  ;
; Auto Carry Chains                                                ; On                 ; On                  ;
; Auto Open-Drain Pins                                             ; On                 ; On                  ;
; Perform WYSIWYG Primitive Resynthesis                            ; Off                ; Off                 ;
; Auto Shift Register Replacement                                  ; Auto               ; Auto                ;
; Allow Shift Register Merging across Hierarchies                  ; Auto               ; Auto                ;
; Auto Clock Enable Replacement                                    ; On                 ; On                  ;
; Allow Synchronous Control Signals                                ; On                 ; On                  ;
; Force Use of Synchronous Clear Signals                           ; Off                ; Off                 ;
; Auto Resource Sharing                                            ; Off                ; Off                 ;
; Use LogicLock Constraints during Resource Balancing              ; On                 ; On                  ;
; Ignore translate_off and synthesis_off directives                ; Off                ; Off                 ;
; Report Parameter Settings                                        ; On                 ; On                  ;
; Report Source Assignments                                        ; On                 ; On                  ;
; Report Connectivity Checks                                       ; On                 ; On                  ;
; Ignore Maximum Fan-Out Assignments                               ; Off                ; Off                 ;
; Synchronization Register Chain Length                            ; 2                  ; 2                   ;
; Power Optimization During Synthesis                              ; Normal compilation ; Normal compilation  ;
; HDL message level                                                ; Level2             ; Level2              ;
; Suppress Register Optimization Related Messages                  ; Off                ; Off                 ;
; Number of Removed Registers Reported in Synthesis Report         ; 5000               ; 5000                ;
; Number of Swept Nodes Reported in Synthesis Report               ; 5000               ; 5000                ;
; Number of Inverted Registers Reported in Synthesis Report        ; 100                ; 100                 ;
; Clock MUX Protection                                             ; On                 ; On                  ;
; Block Design Naming                                              ; Auto               ; Auto                ;
; Synthesis Effort                                                 ; Auto               ; Auto                ;
; Shift Register Replacement - Allow Asynchronous Clear Signal     ; On                 ; On                  ;
; Analysis & Synthesis Message Level                               ; Medium             ; Medium              ;
; Disable Register Merging Across Hierarchies                      ; Auto               ; Auto                ;
+------------------------------------------------------------------+--------------------+---------------------+


+------------------------------------------+
; Parallel Compilation                     ;
+----------------------------+-------------+
; Processors                 ; Number      ;
+----------------------------+-------------+
; Number detected on machine ; 4           ;
; Maximum allowed            ; 2           ;
;                            ;             ;
; Average used               ; 1.00        ;
; Maximum used               ; 1           ;
;                            ;             ;
; Usage by Processor         ; % Time Used ;
;     Processor 1            ; 100.0%      ;
+----------------------------+-------------+


+--------------------------------------------------------------------------------------------------------------------------------------------------------------------+
; Analysis & Synthesis Source Files Read                                                                                                                             ;
+----------------------------------+-----------------+------------------------+----------------------------------------------------------------------------+---------+
; File Name with User-Entered Path ; Used in Netlist ; File Type              ; File Name with Absolute Path                                               ; Library ;
+----------------------------------+-----------------+------------------------+----------------------------------------------------------------------------+---------+
; FF_d.v                           ; yes             ; User Verilog HDL File  ; /home/lucas/Downloads/mi pbl/brinquedo_automatico-main/FF_d.v              ;         ;
; contador_sincrono.v              ; yes             ; User Verilog HDL File  ; /home/lucas/Downloads/mi pbl/brinquedo_automatico-main/contador_sincrono.v ;         ;
; mux_2x1_gl.v                     ; yes             ; User Verilog HDL File  ; /home/lucas/Downloads/mi pbl/brinquedo_automatico-main/mux_2x1_gl.v        ;         ;
+----------------------------------+-----------------+------------------------+----------------------------------------------------------------------------+---------+


+-----------------------------------------------------------+
; Analysis & Synthesis Resource Usage Summary               ;
+---------------------------------------------+-------------+
; Resource                                    ; Usage       ;
+---------------------------------------------+-------------+
; Total logic elements                        ; 6           ;
;     -- Combinational with no register       ; 3           ;
;     -- Register only                        ; 0           ;
;     -- Combinational with a register        ; 3           ;
;                                             ;             ;
; Logic element usage by number of LUT inputs ;             ;
;     -- 4 input functions                    ; 4           ;
;     -- 3 input functions                    ; 0           ;
;     -- 2 input functions                    ; 2           ;
;     -- 1 input functions                    ; 0           ;
;     -- 0 input functions                    ; 0           ;
;                                             ;             ;
; Logic elements by mode                      ;             ;
;     -- normal mode                          ; 6           ;
;     -- arithmetic mode                      ; 0           ;
;     -- qfbk mode                            ; 0           ;
;     -- register cascade mode                ; 0           ;
;     -- synchronous clear/load mode          ; 0           ;
;     -- asynchronous clear/load mode         ; 0           ;
;                                             ;             ;
; Total registers                             ; 3           ;
; I/O pins                                    ; 6           ;
; Maximum fan-out node                        ; FF_d:Ff_B|Q ;
; Maximum fan-out                             ; 5           ;
; Total fan-out                               ; 26          ;
; Average fan-out                             ; 2.17        ;
+---------------------------------------------+-------------+


+---------------------------------------------------------------------------------------------------------------------------------------------------------------------------------------------------------------------------------------------------------------------------------------+
; Analysis & Synthesis Resource Utilization by Entity                                                                                                                                                                                                                                   ;
+---------------------------------+-------------+--------------+------------+------+--------------+--------------+-------------------+------------------+-----------------+------------+-------------------------------------------------------------+-------------------+--------------+
; Compilation Hierarchy Node      ; Logic Cells ; LC Registers ; UFM Blocks ; Pins ; Virtual Pins ; LUT-Only LCs ; Register-Only LCs ; LUT/Register LCs ; Carry Chain LCs ; Packed LCs ; Full Hierarchy Name                                         ; Entity Name       ; Library Name ;
+---------------------------------+-------------+--------------+------------+------+--------------+--------------+-------------------+------------------+-----------------+------------+-------------------------------------------------------------+-------------------+--------------+
; |contador_sincrono              ; 6 (0)       ; 3            ; 0          ; 6    ; 0            ; 3 (0)        ; 0 (0)             ; 3 (0)            ; 0 (0)           ; 0 (0)      ; |contador_sincrono                                          ; contador_sincrono ; work         ;
;    |FF_d:Ff_A|                  ; 1 (1)       ; 1            ; 0          ; 0    ; 0            ; 0 (0)        ; 0 (0)             ; 1 (1)            ; 0 (0)           ; 0 (0)      ; |contador_sincrono|FF_d:Ff_A                                ; FF_d              ; work         ;
;    |FF_d:Ff_B|                  ; 1 (1)       ; 1            ; 0          ; 0    ; 0            ; 0 (0)        ; 0 (0)             ; 1 (1)            ; 0 (0)           ; 0 (0)      ; |contador_sincrono|FF_d:Ff_B                                ; FF_d              ; work         ;
;    |FF_d:Ff_C|                  ; 1 (1)       ; 1            ; 0          ; 0    ; 0            ; 0 (0)        ; 0 (0)             ; 1 (1)            ; 0 (0)           ; 0 (0)      ; |contador_sincrono|FF_d:Ff_C                                ; FF_d              ; work         ;
;    |control_reset:contr_instan| ; 2 (2)       ; 0            ; 0          ; 0    ; 0            ; 2 (2)        ; 0 (0)             ; 0 (0)            ; 0 (0)           ; 0 (0)      ; |contador_sincrono|control_reset:contr_instan               ; control_reset     ; work         ;
;    |controle:controle_instan|   ; 1 (0)       ; 0            ; 0          ; 0    ; 0            ; 1 (0)        ; 0 (0)             ; 0 (0)            ; 0 (0)           ; 0 (0)      ; |contador_sincrono|controle:controle_instan                 ; controle          ; work         ;
;       |mux_2x1_gl:muxB|         ; 1 (1)       ; 0            ; 0          ; 0    ; 0            ; 1 (1)        ; 0 (0)             ; 0 (0)            ; 0 (0)           ; 0 (0)      ; |contador_sincrono|controle:controle_instan|mux_2x1_gl:muxB ; mux_2x1_gl        ; work         ;
+---------------------------------+-------------+--------------+------------+------+--------------+--------------+-------------------+------------------+-----------------+------------+-------------------------------------------------------------+-------------------+--------------+
Note: For table entries with two numbers listed, the numbers in parentheses indicate the number of resources of the given type used by the specific entity alone. The numbers listed outside of parentheses indicate the total resources of the given type used by the specific entity and all of its sub-entities in the hierarchy.


+------------------------------------------------------+
; General Register Statistics                          ;
+----------------------------------------------+-------+
; Statistic                                    ; Value ;
+----------------------------------------------+-------+
; Total registers                              ; 3     ;
; Number of registers using Synchronous Clear  ; 0     ;
; Number of registers using Synchronous Load   ; 0     ;
; Number of registers using Asynchronous Clear ; 0     ;
; Number of registers using Asynchronous Load  ; 0     ;
; Number of registers using Clock Enable       ; 0     ;
; Number of registers using Preset             ; 0     ;
+----------------------------------------------+-------+


+----------------------------------------------------------------------+
; Port Connectivity Checks: "controle:controle_instan|mux_2x1_gl:muxA" ;
+------+-------+----------+--------------------------------------------+
; Port ; Type  ; Severity ; Details                                    ;
+------+-------+----------+--------------------------------------------+
; I1   ; Input ; Info     ; Stuck at GND                               ;
+------+-------+----------+--------------------------------------------+


+----------------------------------------------------------------------+
; Port Connectivity Checks: "controle:controle_instan|mux_2x1_gl:muxB" ;
+------+-------+----------+--------------------------------------------+
; Port ; Type  ; Severity ; Details                                    ;
+------+-------+----------+--------------------------------------------+
; I1   ; Input ; Info     ; Stuck at GND                               ;
+------+-------+----------+--------------------------------------------+


+----------------------------------------------------------------------+
; Port Connectivity Checks: "controle:controle_instan|mux_2x1_gl:muxC" ;
+------+-------+----------+--------------------------------------------+
; Port ; Type  ; Severity ; Details                                    ;
+------+-------+----------+--------------------------------------------+
; I1   ; Input ; Info     ; Stuck at GND                               ;
+------+-------+----------+--------------------------------------------+


+-------------------------------+
; Analysis & Synthesis Messages ;
+-------------------------------+
Info: *******************************************************************
Info: Running Quartus Prime Analysis & Synthesis
    Info: Version 20.1.0 Build 711 06/05/2020 SJ Lite Edition
    Info: Processing started: Tue Oct 29 17:01:11 2024
Info: Command: quartus_map --read_settings_files=on --write_settings_files=off cachorro_automatico -c cachorro_automatico
Warning (18236): Number of processors has not been specified which may cause overloading on shared machines.  Set the global assignment NUM_PARALLEL_PROCESSORS in your QSF to an appropriate value for best performance.
Info (20030): Parallel compilation is enabled and will use 2 of the 2 processors detected
Info (12021): Found 1 design units, including 1 entities, in source file main.v
    Info (12023): Found entity 1: main File: /home/lucas/Downloads/mi pbl/brinquedo_automatico-main/main.v Line: 5
Info (12021): Found 4 design units, including 4 entities, in source file velocidade_atual.v
    Info (12023): Found entity 1: velocidade_atual File: /home/lucas/Downloads/mi pbl/brinquedo_automatico-main/velocidade_atual.v Line: 6
    Info (12023): Found entity 2: seg0 File: /home/lucas/Downloads/mi pbl/brinquedo_automatico-main/velocidade_atual.v Line: 26
    Info (12023): Found entity 3: seg1 File: /home/lucas/Downloads/mi pbl/brinquedo_automatico-main/velocidade_atual.v Line: 36
    Info (12023): Found entity 4: seg2 File: /home/lucas/Downloads/mi pbl/brinquedo_automatico-main/velocidade_atual.v Line: 47
Info (12021): Found 1 design units, including 1 entities, in source file gerenciar_tempo.v
    Info (12023): Found entity 1: gerenciar_tempo File: /home/lucas/Downloads/mi pbl/brinquedo_automatico-main/gerenciar_tempo.v Line: 1
Info (12021): Found 1 design units, including 1 entities, in source file FF_jk.v
    Info (12023): Found entity 1: FF_jk File: /home/lucas/Downloads/mi pbl/brinquedo_automatico-main/FF_jk.v Line: 5
Info (12021): Found 1 design units, including 1 entities, in source file FF_d.v
    Info (12023): Found entity 1: FF_d File: /home/lucas/Downloads/mi pbl/brinquedo_automatico-main/FF_d.v Line: 5
Info (12021): Found 1 design units, including 1 entities, in source file divisor_frequencia.v
    Info (12023): Found entity 1: divisor_frequencia File: /home/lucas/Downloads/mi pbl/brinquedo_automatico-main/divisor_frequencia.v Line: 7
Info (12021): Found 8 design units, including 8 entities, in source file display.v
    Info (12023): Found entity 1: display File: /home/lucas/Downloads/mi pbl/brinquedo_automatico-main/display.v Line: 5
    Info (12023): Found entity 2: segA File: /home/lucas/Downloads/mi pbl/brinquedo_automatico-main/display.v Line: 23
    Info (12023): Found entity 3: segB File: /home/lucas/Downloads/mi pbl/brinquedo_automatico-main/display.v Line: 38
    Info (12023): Found entity 4: segC File: /home/lucas/Downloads/mi pbl/brinquedo_automatico-main/display.v Line: 53
    Info (12023): Found entity 5: segD File: /home/lucas/Downloads/mi pbl/brinquedo_automatico-main/display.v Line: 67
    Info (12023): Found entity 6: segE File: /home/lucas/Downloads/mi pbl/brinquedo_automatico-main/display.v Line: 91
    Info (12023): Found entity 7: segF File: /home/lucas/Downloads/mi pbl/brinquedo_automatico-main/display.v Line: 107
    Info (12023): Found entity 8: segG File: /home/lucas/Downloads/mi pbl/brinquedo_automatico-main/display.v Line: 127
Info (12021): Found 3 design units, including 3 entities, in source file contador_sincrono.v
    Info (12023): Found entity 1: contador_sincrono File: /home/lucas/Downloads/mi pbl/brinquedo_automatico-main/contador_sincrono.v Line: 5
    Info (12023): Found entity 2: controle File: /home/lucas/Downloads/mi pbl/brinquedo_automatico-main/contador_sincrono.v Line: 32
    Info (12023): Found entity 3: control_reset File: /home/lucas/Downloads/mi pbl/brinquedo_automatico-main/contador_sincrono.v Line: 71
Info (12021): Found 1 design units, including 1 entities, in source file mux_2x1_gl.v
    Info (12023): Found entity 1: mux_2x1_gl File: /home/lucas/Downloads/mi pbl/brinquedo_automatico-main/mux_2x1_gl.v Line: 3
Info (12021): Found 1 design units, including 1 entities, in source file gerenciar_display.v
    Info (12023): Found entity 1: gerenciar_display File: /home/lucas/Downloads/mi pbl/brinquedo_automatico-main/gerenciar_display.v Line: 3
Info (12127): Elaborating entity "contador_sincrono" for the top level hierarchy
Info (12128): Elaborating entity "controle" for hierarchy "controle:controle_instan" File: /home/lucas/Downloads/mi pbl/brinquedo_automatico-main/contador_sincrono.v Line: 17
Info (12128): Elaborating entity "mux_2x1_gl" for hierarchy "controle:controle_instan|mux_2x1_gl:muxC" File: /home/lucas/Downloads/mi pbl/brinquedo_automatico-main/contador_sincrono.v Line: 44
Info (12128): Elaborating entity "control_reset" for hierarchy "control_reset:contr_instan" File: /home/lucas/Downloads/mi pbl/brinquedo_automatico-main/contador_sincrono.v Line: 18
Info (12128): Elaborating entity "FF_d" for hierarchy "FF_d:Ff_A" File: /home/lucas/Downloads/mi pbl/brinquedo_automatico-main/contador_sincrono.v Line: 20
Info (21057): Implemented 12 device resources after synthesis - the final resource count might be different
    Info (21058): Implemented 3 input pins
    Info (21059): Implemented 3 output pins
    Info (21061): Implemented 6 logic cells
Info (144001): Generated suppressed messages file /home/lucas/Downloads/mi pbl/brinquedo_automatico-main/cachorro_automatico.map.smsg
Info: Quartus Prime Analysis & Synthesis was successful. 0 errors, 1 warning
    Info: Peak virtual memory: 346 megabytes
    Info: Processing ended: Tue Oct 29 17:01:25 2024
    Info: Elapsed time: 00:00:14
    Info: Total CPU time (on all processors): 00:00:22


+------------------------------------------+
; Analysis & Synthesis Suppressed Messages ;
+------------------------------------------+
The suppressed messages can be found in /home/lucas/Downloads/mi pbl/brinquedo_automatico-main/cachorro_automatico.map.smsg.


