Flow report for cachorro_automatico
Tue Oct 29 17:01:46 2024
Quartus Prime Version 20.1.0 Build 711 06/05/2020 SJ Lite Edition


---------------------
; Table of Contents ;
---------------------
  1. Legal Notice
  2. Flow Summary
  3. Flow Settings
  4. Flow Non-Default Global Settings
  5. Flow Elapsed Time
  6. Flow OS Summary
  7. Flow Log
  8. Flow Messages
  9. Flow Suppressed Messages



----------------
; Legal Notice ;
----------------
Copyright (C) 2020  Intel Corporation. All rights reserved.
Your use of Intel Corporation's design tools, logic functions 
and other software and tools, and any partner logic 
functions, and any output files from any of the foregoing 
(including device programming or simulation files), and any 
associated documentation or information are expressly subject 
to the terms and conditions of the Intel Program License 
Subscription Agreement, the Intel Quartus Prime License Agreement,
the Intel FPGA IP License Agreement, or other applicable license
agreement, including, without limitation, that your use is for
the sole purpose of programming logic devices manufactured by
Intel and sold by Intel or its authorized distributors.  Please
refer to the applicable agreement for further details, at
https://fpgasoftware.intel.com/eula.



+---------------------------------------------------------------------+
; Flow Summary                                                        ;
+-----------------------+---------------------------------------------+
; Flow Status           ; Successful - Tue Oct 29 17:01:46 2024       ;
; Quartus Prime Version ; 20.1.0 Build 711 06/05/2020 SJ Lite Edition ;
; Revision Name         ; cachorro_automatico                         ;
; Top-level Entity Name ; contador_sincrono                           ;
; Family                ; MAX II                                      ;
; Device                ; EPM240T100C5                                ;
; Timing Models         ; Final                                       ;
; Total logic elements  ; 6 / 240 ( 3 % )                             ;
; Total pins            ; 6 / 80 ( 8 % )                              ;
; Total virtual pins    ; 0                                           ;
; UFM blocks            ; 0 / 1 ( 0 % )                               ;
+-----------------------+---------------------------------------------+


+-----------------------------------------+
; Flow Settings                           ;
+-------------------+---------------------+
; Option            ; Setting             ;
+-------------------+---------------------+
; Start date & time ; 10/29/2024 17:01:11 ;
; Main task         ; Compilation         ;
; Revision Name     ; cachorro_automatico ;
+-------------------+---------------------+


+----------------------------------------------------------------------------------------------------------+
; Flow Non-Default Global Settings                                                                         ;
+------------------------+--------------------------------+---------------------+-------------+------------+
; Assignment Name        ; Value                          ; Default Value       ; Entity Name ; Section Id ;
+------------------------+--------------------------------+---------------------+-------------+------------+
; COMPILER_SIGNATURE_ID  ; 40675924268937.173023207104799 ; --                  ; --          ; --         ;
; MAX_CORE_JUNCTION_TEMP ; 85                             ; --                  ; --          ; --         ;
; MIN_CORE_JUNCTION_TEMP ; 0                              ; --                  ; --          ; --         ;
; TOP_LEVEL_ENTITY       ; contador_sincrono              ; cachorro_automatico ; --          ; --         ;
+------------------------+--------------------------------+---------------------+-------------+------------+


+--------------------------------------------------------------------------------------------------------------------------+
; Flow Elapsed Time                                                                                                        ;
+----------------------+--------------+-------------------------+---------------------+------------------------------------+
; Module Name          ; Elapsed Time ; Average Processors Used ; Peak Virtual Memory ; Total CPU Time (on all processors) ;
+----------------------+--------------+-------------------------+---------------------+------------------------------------+
; Analysis & Synthesis ; 00:00:14     ; 1.0                     ; 346 MB              ; 00:00:22                           ;
; Fitter               ; 00:00:02     ; 1.0                     ; 530 MB              ; 00:00:02                           ;
; Assembler            ; 00:00:01     ; 1.0                     ; 334 MB              ; 00:00:01                           ;
; Timing Analyzer      ; 00:00:01     ; 1.0                     ; 336 MB              ; 00:00:01                           ;
; EDA Netlist Writer   ; 00:00:01     ; 1.0                     ; 578 MB              ; 00:00:01                           ;
; EDA Netlist Writer   ; 00:00:01     ; 1.0                     ; 585 MB              ; 00:00:01                           ;
; Total                ; 00:00:20     ; --                      ; --                  ; 00:00:28                           ;
+----------------------+--------------+-------------------------+---------------------+------------------------------------+


+----------------------------------------------------------------------------------------+
; Flow OS Summary                                                                        ;
+----------------------+------------------+----------------+------------+----------------+
; Module Name          ; Machine Hostname ; OS Name        ; OS Version ; Processor type ;
+----------------------+------------------+----------------+------------+----------------+
; Analysis & Synthesis ; lucas-IdeaPad    ; Ubuntu 24.04.1 ; 24         ; x86_64         ;
; Fitter               ; lucas-IdeaPad    ; Ubuntu 24.04.1 ; 24         ; x86_64         ;
; Assembler            ; lucas-IdeaPad    ; Ubuntu 24.04.1 ; 24         ; x86_64         ;
; Timing Analyzer      ; lucas-IdeaPad    ; Ubuntu 24.04.1 ; 24         ; x86_64         ;
; EDA Netlist Writer   ; lucas-IdeaPad    ; Ubuntu 24.04.1 ; 24         ; x86_64         ;
; EDA Netlist Writer   ; lucas-IdeaPad    ; Ubuntu 24.04.1 ; 24         ; x86_64         ;
+----------------------+------------------+----------------+------------+----------------+


------------
; Flow Log ;
------------
quartus_map --read_settings_files=on --write_settings_files=off cachorro_automatico -c cachorro_automatico
quartus_fit --read_settings_files=off --write_settings_files=off cachorro_automatico -c cachorro_automatico
quartus_asm --read_settings_files=off --write_settings_files=off cachorro_automatico -c cachorro_automatico
quartus_sta cachorro_automatico -c cachorro_automatico
quartus_eda --gen_testbench --tool=modelsim_oem --format=verilog --write_settings_files=off cachorro_automatico -c cachorro_automatico --vector_source=/home/lucas/brinquedo_automatico-main/Waveform1.vwf --testbench_file=/home/lucas/brinquedo_automatico-main/simulation/qsim/Waveform1.vwf.vt
quartus_eda --write_settings_files=off --simulation=on --functional=on --flatten_buses=off --tool=modelsim_oem --format=verilog --output_directory=/home/lucas/brinquedo_automatico-main/simulation/qsim/ cachorro_automatico -c cachorro_automatico



