Analysis & Synthesis report for cachorro_automatico
Sun Oct 20 13:38:15 2024
Quartus Prime Version 20.1.0 Build 711 06/05/2020 SJ Lite Edition


---------------------
; Table of Contents ;
---------------------
  1. Legal Notice
  2. Analysis & Synthesis Summary
  3. Analysis & Synthesis Settings
  4. Parallel Compilation
  5. Analysis & Synthesis Source Files Read
  6. Analysis & Synthesis Resource Usage Summary
  7. Analysis & Synthesis Resource Utilization by Entity
  8. General Register Statistics
  9. Port Connectivity Checks: "divisor_frequencia:dividirfreq|FF_jk:FF_contador2"
 10. Port Connectivity Checks: "divisor_frequencia:dividirfreq|FF_jk:FF_contador1"
 11. Port Connectivity Checks: "divisor_frequencia:dividirfreq|FF_jk:FF_contador0"
 12. Port Connectivity Checks: "divisor_frequencia:dividirfreq|FF_jk:FF_jk26"
 13. Port Connectivity Checks: "divisor_frequencia:dividirfreq|FF_jk:FF_jk25"
 14. Port Connectivity Checks: "divisor_frequencia:dividirfreq|FF_jk:FF_jk24"
 15. Port Connectivity Checks: "divisor_frequencia:dividirfreq|FF_jk:FF_jk23"
 16. Port Connectivity Checks: "divisor_frequencia:dividirfreq|FF_jk:FF_jk22"
 17. Port Connectivity Checks: "divisor_frequencia:dividirfreq|FF_jk:FF_jk21"
 18. Port Connectivity Checks: "divisor_frequencia:dividirfreq|FF_jk:FF_jk20"
 19. Port Connectivity Checks: "divisor_frequencia:dividirfreq|FF_jk:FF_jk19"
 20. Port Connectivity Checks: "divisor_frequencia:dividirfreq|FF_jk:FF_jk18"
 21. Port Connectivity Checks: "divisor_frequencia:dividirfreq|FF_jk:FF_jk17"
 22. Port Connectivity Checks: "divisor_frequencia:dividirfreq|FF_jk:FF_jk16"
 23. Port Connectivity Checks: "divisor_frequencia:dividirfreq|FF_jk:FF_jk15"
 24. Port Connectivity Checks: "divisor_frequencia:dividirfreq|FF_jk:FF_jk14"
 25. Port Connectivity Checks: "divisor_frequencia:dividirfreq|FF_jk:FF_jk13"
 26. Port Connectivity Checks: "divisor_frequencia:dividirfreq|FF_jk:FF_jk12"
 27. Port Connectivity Checks: "divisor_frequencia:dividirfreq|FF_jk:FF_jk11"
 28. Port Connectivity Checks: "divisor_frequencia:dividirfreq|FF_jk:FF_jk10"
 29. Port Connectivity Checks: "divisor_frequencia:dividirfreq|FF_jk:FF_jk9"
 30. Port Connectivity Checks: "divisor_frequencia:dividirfreq|FF_jk:FF_jk8"
 31. Port Connectivity Checks: "divisor_frequencia:dividirfreq|FF_jk:FF_jk7"
 32. Port Connectivity Checks: "divisor_frequencia:dividirfreq|FF_jk:FF_jk6"
 33. Port Connectivity Checks: "divisor_frequencia:dividirfreq|FF_jk:FF_jk5"
 34. Port Connectivity Checks: "divisor_frequencia:dividirfreq|FF_jk:FF_jk4"
 35. Port Connectivity Checks: "divisor_frequencia:dividirfreq|FF_jk:FF_jk3"
 36. Port Connectivity Checks: "divisor_frequencia:dividirfreq|FF_jk:FF_jk2"
 37. Port Connectivity Checks: "divisor_frequencia:dividirfreq|FF_jk:FF_jk1"
 38. Analysis & Synthesis Messages
 39. Analysis & Synthesis Suppressed Messages



----------------
; Legal Notice ;
----------------
Copyright (C) 2020  Intel Corporation. All rights reserved.
Your use of Intel Corporation's design tools, logic functions 
and other software and tools, and any partner logic 
functions, and any output files from any of the foregoing 
(including device programming or simulation files), and any 
associated documentation or information are expressly subject 
to the terms and conditions of the Intel Program License 
Subscription Agreement, the Intel Quartus Prime License Agreement,
the Intel FPGA IP License Agreement, or other applicable license
agreement, including, without limitation, that your use is for
the sole purpose of programming logic devices manufactured by
Intel and sold by Intel or its authorized distributors.  Please
refer to the applicable agreement for further details, at
https://fpgasoftware.intel.com/eula.



+---------------------------------------------------------------------------+
; Analysis & Synthesis Summary                                              ;
+-----------------------------+---------------------------------------------+
; Analysis & Synthesis Status ; Successful - Sun Oct 20 13:38:15 2024       ;
; Quartus Prime Version       ; 20.1.0 Build 711 06/05/2020 SJ Lite Edition ;
; Revision Name               ; cachorro_automatico                         ;
; Top-level Entity Name       ; main                                        ;
; Family                      ; MAX II                                      ;
; Total logic elements        ; 42                                          ;
; Total pins                  ; 16                                          ;
; Total virtual pins          ; 0                                           ;
; UFM blocks                  ; 0 / 1 ( 0 % )                               ;
+-----------------------------+---------------------------------------------+


+-------------------------------------------------------------------------------------------------------------+
; Analysis & Synthesis Settings                                                                               ;
+------------------------------------------------------------------+--------------------+---------------------+
; Option                                                           ; Setting            ; Default Value       ;
+------------------------------------------------------------------+--------------------+---------------------+
; Device                                                           ; EPM240T100C5       ;                     ;
; Top-level entity name                                            ; main               ; cachorro_automatico ;
; Family name                                                      ; MAX II             ; Cyclone V           ;
; Use smart compilation                                            ; Off                ; Off                 ;
; Enable parallel Assembler and Timing Analyzer during compilation ; On                 ; On                  ;
; Enable compact report table                                      ; Off                ; Off                 ;
; Restructure Multiplexers                                         ; Auto               ; Auto                ;
; Create Debugging Nodes for IP Cores                              ; Off                ; Off                 ;
; Preserve fewer node names                                        ; On                 ; On                  ;
; Intel FPGA IP Evaluation Mode                                    ; Enable             ; Enable              ;
; Verilog Version                                                  ; Verilog_2001       ; Verilog_2001        ;
; VHDL Version                                                     ; VHDL_1993          ; VHDL_1993           ;
; State Machine Processing                                         ; Auto               ; Auto                ;
; Safe State Machine                                               ; Off                ; Off                 ;
; Extract Verilog State Machines                                   ; On                 ; On                  ;
; Extract VHDL State Machines                                      ; On                 ; On                  ;
; Ignore Verilog initial constructs                                ; Off                ; Off                 ;
; Iteration limit for constant Verilog loops                       ; 5000               ; 5000                ;
; Iteration limit for non-constant Verilog loops                   ; 250                ; 250                 ;
; Add Pass-Through Logic to Inferred RAMs                          ; On                 ; On                  ;
; Infer RAMs from Raw Logic                                        ; On                 ; On                  ;
; Parallel Synthesis                                               ; On                 ; On                  ;
; NOT Gate Push-Back                                               ; On                 ; On                  ;
; Power-Up Don't Care                                              ; On                 ; On                  ;
; Remove Redundant Logic Cells                                     ; Off                ; Off                 ;
; Remove Duplicate Registers                                       ; On                 ; On                  ;
; Ignore CARRY Buffers                                             ; Off                ; Off                 ;
; Ignore CASCADE Buffers                                           ; Off                ; Off                 ;
; Ignore GLOBAL Buffers                                            ; Off                ; Off                 ;
; Ignore ROW GLOBAL Buffers                                        ; Off                ; Off                 ;
; Ignore LCELL Buffers                                             ; Off                ; Off                 ;
; Ignore SOFT Buffers                                              ; On                 ; On                  ;
; Limit AHDL Integers to 32 Bits                                   ; Off                ; Off                 ;
; Optimization Technique                                           ; Balanced           ; Balanced            ;
; Carry Chain Length                                               ; 70                 ; 70                  ;
; Auto Carry Chains                                                ; On                 ; On                  ;
; Auto Open-Drain Pins                                             ; On                 ; On                  ;
; Perform WYSIWYG Primitive Resynthesis                            ; Off                ; Off                 ;
; Auto Shift Register Replacement                                  ; Auto               ; Auto                ;
; Allow Shift Register Merging across Hierarchies                  ; Auto               ; Auto                ;
; Auto Clock Enable Replacement                                    ; On                 ; On                  ;
; Allow Synchronous Control Signals                                ; On                 ; On                  ;
; Force Use of Synchronous Clear Signals                           ; Off                ; Off                 ;
; Auto Resource Sharing                                            ; Off                ; Off                 ;
; Use LogicLock Constraints during Resource Balancing              ; On                 ; On                  ;
; Ignore translate_off and synthesis_off directives                ; Off                ; Off                 ;
; Report Parameter Settings                                        ; On                 ; On                  ;
; Report Source Assignments                                        ; On                 ; On                  ;
; Report Connectivity Checks                                       ; On                 ; On                  ;
; Ignore Maximum Fan-Out Assignments                               ; Off                ; Off                 ;
; Synchronization Register Chain Length                            ; 2                  ; 2                   ;
; Power Optimization During Synthesis                              ; Normal compilation ; Normal compilation  ;
; HDL message level                                                ; Level2             ; Level2              ;
; Suppress Register Optimization Related Messages                  ; Off                ; Off                 ;
; Number of Removed Registers Reported in Synthesis Report         ; 5000               ; 5000                ;
; Number of Swept Nodes Reported in Synthesis Report               ; 5000               ; 5000                ;
; Number of Inverted Registers Reported in Synthesis Report        ; 100                ; 100                 ;
; Clock MUX Protection                                             ; On                 ; On                  ;
; Block Design Naming                                              ; Auto               ; Auto                ;
; Synthesis Effort                                                 ; Auto               ; Auto                ;
; Shift Register Replacement - Allow Asynchronous Clear Signal     ; On                 ; On                  ;
; Analysis & Synthesis Message Level                               ; Medium             ; Medium              ;
; Disable Register Merging Across Hierarchies                      ; Auto               ; Auto                ;
+------------------------------------------------------------------+--------------------+---------------------+


+------------------------------------------+
; Parallel Compilation                     ;
+----------------------------+-------------+
; Processors                 ; Number      ;
+----------------------------+-------------+
; Number detected on machine ; 4           ;
; Maximum allowed            ; 2           ;
;                            ;             ;
; Average used               ; 1.00        ;
; Maximum used               ; 1           ;
;                            ;             ;
; Usage by Processor         ; % Time Used ;
;     Processor 1            ; 100.0%      ;
+----------------------------+-------------+


+---------------------------------------------------------------------------------------------------------------------------------------------------------------------------------------+
; Analysis & Synthesis Source Files Read                                                                                                                                                ;
+----------------------------------+-----------------+------------------------+-----------------------------------------------------------------------------------------------+---------+
; File Name with User-Entered Path ; Used in Netlist ; File Type              ; File Name with Absolute Path                                                                  ; Library ;
+----------------------------------+-----------------+------------------------+-----------------------------------------------------------------------------------------------+---------+
; FF_jk.v                          ; yes             ; User Verilog HDL File  ; /home/lucas/codigos/uefs/mi circuitos digitais/brinquedo_automatico-main/FF_jk.v              ;         ;
; divisor_frequencia.v             ; yes             ; User Verilog HDL File  ; /home/lucas/codigos/uefs/mi circuitos digitais/brinquedo_automatico-main/divisor_frequencia.v ;         ;
; FF_d.v                           ; yes             ; User Verilog HDL File  ; /home/lucas/codigos/uefs/mi circuitos digitais/brinquedo_automatico-main/FF_d.v               ;         ;
; gerenciar_tempo.v                ; yes             ; User Verilog HDL File  ; /home/lucas/codigos/uefs/mi circuitos digitais/brinquedo_automatico-main/gerenciar_tempo.v    ;         ;
; contador_sincrono.v              ; yes             ; User Verilog HDL File  ; /home/lucas/codigos/uefs/mi circuitos digitais/brinquedo_automatico-main/contador_sincrono.v  ;         ;
; main.v                           ; yes             ; User Verilog HDL File  ; /home/lucas/codigos/uefs/mi circuitos digitais/brinquedo_automatico-main/main.v               ;         ;
; display.v                        ; yes             ; User Verilog HDL File  ; /home/lucas/codigos/uefs/mi circuitos digitais/brinquedo_automatico-main/display.v            ;         ;
+----------------------------------+-----------------+------------------------+-----------------------------------------------------------------------------------------------+---------+


+-----------------------------------------------------+
; Analysis & Synthesis Resource Usage Summary         ;
+---------------------------------------------+-------+
; Resource                                    ; Usage ;
+---------------------------------------------+-------+
; Total logic elements                        ; 42    ;
;     -- Combinational with no register       ; 10    ;
;     -- Register only                        ; 0     ;
;     -- Combinational with a register        ; 32    ;
;                                             ;       ;
; Logic element usage by number of LUT inputs ;       ;
;     -- 4 input functions                    ; 3     ;
;     -- 3 input functions                    ; 9     ;
;     -- 2 input functions                    ; 1     ;
;     -- 1 input functions                    ; 29    ;
;     -- 0 input functions                    ; 0     ;
;                                             ;       ;
; Logic elements by mode                      ;       ;
;     -- normal mode                          ; 42    ;
;     -- arithmetic mode                      ; 0     ;
;     -- qfbk mode                            ; 0     ;
;     -- register cascade mode                ; 0     ;
;     -- synchronous clear/load mode          ; 0     ;
;     -- asynchronous clear/load mode         ; 29    ;
;                                             ;       ;
; Total registers                             ; 32    ;
; I/O pins                                    ; 16    ;
; Maximum fan-out node                        ; botao ;
; Maximum fan-out                             ; 32    ;
; Total fan-out                               ; 138   ;
; Average fan-out                             ; 2.38  ;
+---------------------------------------------+-------+


+-----------------------------------------------------------------------------------------------------------------------------------------------------------------------------------------------------------------------------------------------------------------------------------------------+
; Analysis & Synthesis Resource Utilization by Entity                                                                                                                                                                                                                                           ;
+--------------------------------------------+-------------+--------------+------------+------+--------------+--------------+-------------------+------------------+-----------------+------------+---------------------------------------------------------+--------------------+--------------+
; Compilation Hierarchy Node                 ; Logic Cells ; LC Registers ; UFM Blocks ; Pins ; Virtual Pins ; LUT-Only LCs ; Register-Only LCs ; LUT/Register LCs ; Carry Chain LCs ; Packed LCs ; Full Hierarchy Name                                     ; Entity Name        ; Library Name ;
+--------------------------------------------+-------------+--------------+------------+------+--------------+--------------+-------------------+------------------+-----------------+------------+---------------------------------------------------------+--------------------+--------------+
; |main                                      ; 42 (0)      ; 32           ; 0          ; 16   ; 0            ; 10 (0)       ; 0 (0)             ; 32 (0)           ; 0 (0)           ; 0 (0)      ; |main                                                   ; main               ; work         ;
;    |contador_sincrono:comb_4|              ; 3 (0)       ; 3            ; 0          ; 0    ; 0            ; 0 (0)        ; 0 (0)             ; 3 (0)            ; 0 (0)           ; 0 (0)      ; |main|contador_sincrono:comb_4                          ; contador_sincrono  ; work         ;
;       |FF_d:Ff_A|                          ; 1 (1)       ; 1            ; 0          ; 0    ; 0            ; 0 (0)        ; 0 (0)             ; 1 (1)            ; 0 (0)           ; 0 (0)      ; |main|contador_sincrono:comb_4|FF_d:Ff_A                ; FF_d               ; work         ;
;       |FF_d:Ff_B|                          ; 1 (1)       ; 1            ; 0          ; 0    ; 0            ; 0 (0)        ; 0 (0)             ; 1 (1)            ; 0 (0)           ; 0 (0)      ; |main|contador_sincrono:comb_4|FF_d:Ff_B                ; FF_d               ; work         ;
;       |FF_d:Ff_C|                          ; 1 (1)       ; 1            ; 0          ; 0    ; 0            ; 0 (0)        ; 0 (0)             ; 1 (1)            ; 0 (0)           ; 0 (0)      ; |main|contador_sincrono:comb_4|FF_d:Ff_C                ; FF_d               ; work         ;
;    |display:display_acoes|                 ; 7 (0)       ; 0            ; 0          ; 0    ; 0            ; 7 (0)        ; 0 (0)             ; 0 (0)            ; 0 (0)           ; 0 (0)      ; |main|display:display_acoes                             ; display            ; work         ;
;       |segA:segA_instan|                   ; 1 (1)       ; 0            ; 0          ; 0    ; 0            ; 1 (1)        ; 0 (0)             ; 0 (0)            ; 0 (0)           ; 0 (0)      ; |main|display:display_acoes|segA:segA_instan            ; segA               ; work         ;
;       |segB:segB_instan|                   ; 1 (1)       ; 0            ; 0          ; 0    ; 0            ; 1 (1)        ; 0 (0)             ; 0 (0)            ; 0 (0)           ; 0 (0)      ; |main|display:display_acoes|segB:segB_instan            ; segB               ; work         ;
;       |segD:segD_instan|                   ; 2 (2)       ; 0            ; 0          ; 0    ; 0            ; 2 (2)        ; 0 (0)             ; 0 (0)            ; 0 (0)           ; 0 (0)      ; |main|display:display_acoes|segD:segD_instan            ; segD               ; work         ;
;       |segE:segE_instan|                   ; 1 (1)       ; 0            ; 0          ; 0    ; 0            ; 1 (1)        ; 0 (0)             ; 0 (0)            ; 0 (0)           ; 0 (0)      ; |main|display:display_acoes|segE:segE_instan            ; segE               ; work         ;
;       |segF:segF_instan|                   ; 1 (1)       ; 0            ; 0          ; 0    ; 0            ; 1 (1)        ; 0 (0)             ; 0 (0)            ; 0 (0)           ; 0 (0)      ; |main|display:display_acoes|segF:segF_instan            ; segF               ; work         ;
;       |segG:segG_instan|                   ; 1 (1)       ; 0            ; 0          ; 0    ; 0            ; 1 (1)        ; 0 (0)             ; 0 (0)            ; 0 (0)           ; 0 (0)      ; |main|display:display_acoes|segG:segG_instan            ; segG               ; work         ;
;    |divisor_frequencia:dividirfreq|        ; 29 (0)      ; 29           ; 0          ; 0    ; 0            ; 0 (0)        ; 0 (0)             ; 29 (0)           ; 0 (0)           ; 0 (0)      ; |main|divisor_frequencia:dividirfreq                    ; divisor_frequencia ; work         ;
;       |FF_jk:FF_contador0|                 ; 1 (1)       ; 1            ; 0          ; 0    ; 0            ; 0 (0)        ; 0 (0)             ; 1 (1)            ; 0 (0)           ; 0 (0)      ; |main|divisor_frequencia:dividirfreq|FF_jk:FF_contador0 ; FF_jk              ; work         ;
;       |FF_jk:FF_contador1|                 ; 1 (1)       ; 1            ; 0          ; 0    ; 0            ; 0 (0)        ; 0 (0)             ; 1 (1)            ; 0 (0)           ; 0 (0)      ; |main|divisor_frequencia:dividirfreq|FF_jk:FF_contador1 ; FF_jk              ; work         ;
;       |FF_jk:FF_contador2|                 ; 1 (1)       ; 1            ; 0          ; 0    ; 0            ; 0 (0)        ; 0 (0)             ; 1 (1)            ; 0 (0)           ; 0 (0)      ; |main|divisor_frequencia:dividirfreq|FF_jk:FF_contador2 ; FF_jk              ; work         ;
;       |FF_jk:FF_jk10|                      ; 1 (1)       ; 1            ; 0          ; 0    ; 0            ; 0 (0)        ; 0 (0)             ; 1 (1)            ; 0 (0)           ; 0 (0)      ; |main|divisor_frequencia:dividirfreq|FF_jk:FF_jk10      ; FF_jk              ; work         ;
;       |FF_jk:FF_jk11|                      ; 1 (1)       ; 1            ; 0          ; 0    ; 0            ; 0 (0)        ; 0 (0)             ; 1 (1)            ; 0 (0)           ; 0 (0)      ; |main|divisor_frequencia:dividirfreq|FF_jk:FF_jk11      ; FF_jk              ; work         ;
;       |FF_jk:FF_jk12|                      ; 1 (1)       ; 1            ; 0          ; 0    ; 0            ; 0 (0)        ; 0 (0)             ; 1 (1)            ; 0 (0)           ; 0 (0)      ; |main|divisor_frequencia:dividirfreq|FF_jk:FF_jk12      ; FF_jk              ; work         ;
;       |FF_jk:FF_jk13|                      ; 1 (1)       ; 1            ; 0          ; 0    ; 0            ; 0 (0)        ; 0 (0)             ; 1 (1)            ; 0 (0)           ; 0 (0)      ; |main|divisor_frequencia:dividirfreq|FF_jk:FF_jk13      ; FF_jk              ; work         ;
;       |FF_jk:FF_jk14|                      ; 1 (1)       ; 1            ; 0          ; 0    ; 0            ; 0 (0)        ; 0 (0)             ; 1 (1)            ; 0 (0)           ; 0 (0)      ; |main|divisor_frequencia:dividirfreq|FF_jk:FF_jk14      ; FF_jk              ; work         ;
;       |FF_jk:FF_jk15|                      ; 1 (1)       ; 1            ; 0          ; 0    ; 0            ; 0 (0)        ; 0 (0)             ; 1 (1)            ; 0 (0)           ; 0 (0)      ; |main|divisor_frequencia:dividirfreq|FF_jk:FF_jk15      ; FF_jk              ; work         ;
;       |FF_jk:FF_jk16|                      ; 1 (1)       ; 1            ; 0          ; 0    ; 0            ; 0 (0)        ; 0 (0)             ; 1 (1)            ; 0 (0)           ; 0 (0)      ; |main|divisor_frequencia:dividirfreq|FF_jk:FF_jk16      ; FF_jk              ; work         ;
;       |FF_jk:FF_jk17|                      ; 1 (1)       ; 1            ; 0          ; 0    ; 0            ; 0 (0)        ; 0 (0)             ; 1 (1)            ; 0 (0)           ; 0 (0)      ; |main|divisor_frequencia:dividirfreq|FF_jk:FF_jk17      ; FF_jk              ; work         ;
;       |FF_jk:FF_jk18|                      ; 1 (1)       ; 1            ; 0          ; 0    ; 0            ; 0 (0)        ; 0 (0)             ; 1 (1)            ; 0 (0)           ; 0 (0)      ; |main|divisor_frequencia:dividirfreq|FF_jk:FF_jk18      ; FF_jk              ; work         ;
;       |FF_jk:FF_jk19|                      ; 1 (1)       ; 1            ; 0          ; 0    ; 0            ; 0 (0)        ; 0 (0)             ; 1 (1)            ; 0 (0)           ; 0 (0)      ; |main|divisor_frequencia:dividirfreq|FF_jk:FF_jk19      ; FF_jk              ; work         ;
;       |FF_jk:FF_jk1|                       ; 1 (1)       ; 1            ; 0          ; 0    ; 0            ; 0 (0)        ; 0 (0)             ; 1 (1)            ; 0 (0)           ; 0 (0)      ; |main|divisor_frequencia:dividirfreq|FF_jk:FF_jk1       ; FF_jk              ; work         ;
;       |FF_jk:FF_jk20|                      ; 1 (1)       ; 1            ; 0          ; 0    ; 0            ; 0 (0)        ; 0 (0)             ; 1 (1)            ; 0 (0)           ; 0 (0)      ; |main|divisor_frequencia:dividirfreq|FF_jk:FF_jk20      ; FF_jk              ; work         ;
;       |FF_jk:FF_jk21|                      ; 1 (1)       ; 1            ; 0          ; 0    ; 0            ; 0 (0)        ; 0 (0)             ; 1 (1)            ; 0 (0)           ; 0 (0)      ; |main|divisor_frequencia:dividirfreq|FF_jk:FF_jk21      ; FF_jk              ; work         ;
;       |FF_jk:FF_jk22|                      ; 1 (1)       ; 1            ; 0          ; 0    ; 0            ; 0 (0)        ; 0 (0)             ; 1 (1)            ; 0 (0)           ; 0 (0)      ; |main|divisor_frequencia:dividirfreq|FF_jk:FF_jk22      ; FF_jk              ; work         ;
;       |FF_jk:FF_jk23|                      ; 1 (1)       ; 1            ; 0          ; 0    ; 0            ; 0 (0)        ; 0 (0)             ; 1 (1)            ; 0 (0)           ; 0 (0)      ; |main|divisor_frequencia:dividirfreq|FF_jk:FF_jk23      ; FF_jk              ; work         ;
;       |FF_jk:FF_jk24|                      ; 1 (1)       ; 1            ; 0          ; 0    ; 0            ; 0 (0)        ; 0 (0)             ; 1 (1)            ; 0 (0)           ; 0 (0)      ; |main|divisor_frequencia:dividirfreq|FF_jk:FF_jk24      ; FF_jk              ; work         ;
;       |FF_jk:FF_jk25|                      ; 1 (1)       ; 1            ; 0          ; 0    ; 0            ; 0 (0)        ; 0 (0)             ; 1 (1)            ; 0 (0)           ; 0 (0)      ; |main|divisor_frequencia:dividirfreq|FF_jk:FF_jk25      ; FF_jk              ; work         ;
;       |FF_jk:FF_jk26|                      ; 1 (1)       ; 1            ; 0          ; 0    ; 0            ; 0 (0)        ; 0 (0)             ; 1 (1)            ; 0 (0)           ; 0 (0)      ; |main|divisor_frequencia:dividirfreq|FF_jk:FF_jk26      ; FF_jk              ; work         ;
;       |FF_jk:FF_jk2|                       ; 1 (1)       ; 1            ; 0          ; 0    ; 0            ; 0 (0)        ; 0 (0)             ; 1 (1)            ; 0 (0)           ; 0 (0)      ; |main|divisor_frequencia:dividirfreq|FF_jk:FF_jk2       ; FF_jk              ; work         ;
;       |FF_jk:FF_jk3|                       ; 1 (1)       ; 1            ; 0          ; 0    ; 0            ; 0 (0)        ; 0 (0)             ; 1 (1)            ; 0 (0)           ; 0 (0)      ; |main|divisor_frequencia:dividirfreq|FF_jk:FF_jk3       ; FF_jk              ; work         ;
;       |FF_jk:FF_jk4|                       ; 1 (1)       ; 1            ; 0          ; 0    ; 0            ; 0 (0)        ; 0 (0)             ; 1 (1)            ; 0 (0)           ; 0 (0)      ; |main|divisor_frequencia:dividirfreq|FF_jk:FF_jk4       ; FF_jk              ; work         ;
;       |FF_jk:FF_jk5|                       ; 1 (1)       ; 1            ; 0          ; 0    ; 0            ; 0 (0)        ; 0 (0)             ; 1 (1)            ; 0 (0)           ; 0 (0)      ; |main|divisor_frequencia:dividirfreq|FF_jk:FF_jk5       ; FF_jk              ; work         ;
;       |FF_jk:FF_jk6|                       ; 1 (1)       ; 1            ; 0          ; 0    ; 0            ; 0 (0)        ; 0 (0)             ; 1 (1)            ; 0 (0)           ; 0 (0)      ; |main|divisor_frequencia:dividirfreq|FF_jk:FF_jk6       ; FF_jk              ; work         ;
;       |FF_jk:FF_jk7|                       ; 1 (1)       ; 1            ; 0          ; 0    ; 0            ; 0 (0)        ; 0 (0)             ; 1 (1)            ; 0 (0)           ; 0 (0)      ; |main|divisor_frequencia:dividirfreq|FF_jk:FF_jk7       ; FF_jk              ; work         ;
;       |FF_jk:FF_jk8|                       ; 1 (1)       ; 1            ; 0          ; 0    ; 0            ; 0 (0)        ; 0 (0)             ; 1 (1)            ; 0 (0)           ; 0 (0)      ; |main|divisor_frequencia:dividirfreq|FF_jk:FF_jk8       ; FF_jk              ; work         ;
;       |FF_jk:FF_jk9|                       ; 1 (1)       ; 1            ; 0          ; 0    ; 0            ; 0 (0)        ; 0 (0)             ; 1 (1)            ; 0 (0)           ; 0 (0)      ; |main|divisor_frequencia:dividirfreq|FF_jk:FF_jk9       ; FF_jk              ; work         ;
;    |gerenciar_tempo:gerenciar_tempo_insta| ; 3 (3)       ; 0            ; 0          ; 0    ; 0            ; 3 (3)        ; 0 (0)             ; 0 (0)            ; 0 (0)           ; 0 (0)      ; |main|gerenciar_tempo:gerenciar_tempo_insta             ; gerenciar_tempo    ; work         ;
+--------------------------------------------+-------------+--------------+------------+------+--------------+--------------+-------------------+------------------+-----------------+------------+---------------------------------------------------------+--------------------+--------------+
Note: For table entries with two numbers listed, the numbers in parentheses indicate the number of resources of the given type used by the specific entity alone. The numbers listed outside of parentheses indicate the total resources of the given type used by the specific entity and all of its sub-entities in the hierarchy.


+------------------------------------------------------+
; General Register Statistics                          ;
+----------------------------------------------+-------+
; Statistic                                    ; Value ;
+----------------------------------------------+-------+
; Total registers                              ; 32    ;
; Number of registers using Synchronous Clear  ; 0     ;
; Number of registers using Synchronous Load   ; 0     ;
; Number of registers using Asynchronous Clear ; 29    ;
; Number of registers using Asynchronous Load  ; 0     ;
; Number of registers using Clock Enable       ; 0     ;
; Number of registers using Preset             ; 0     ;
+----------------------------------------------+-------+


+-------------------------------------------------------------------------------+
; Port Connectivity Checks: "divisor_frequencia:dividirfreq|FF_jk:FF_contador2" ;
+------+-------+----------+-----------------------------------------------------+
; Port ; Type  ; Severity ; Details                                             ;
+------+-------+----------+-----------------------------------------------------+
; j    ; Input ; Info     ; Stuck at VCC                                        ;
; k    ; Input ; Info     ; Stuck at VCC                                        ;
+------+-------+----------+-----------------------------------------------------+


+-------------------------------------------------------------------------------+
; Port Connectivity Checks: "divisor_frequencia:dividirfreq|FF_jk:FF_contador1" ;
+------+-------+----------+-----------------------------------------------------+
; Port ; Type  ; Severity ; Details                                             ;
+------+-------+----------+-----------------------------------------------------+
; j    ; Input ; Info     ; Stuck at VCC                                        ;
; k    ; Input ; Info     ; Stuck at VCC                                        ;
+------+-------+----------+-----------------------------------------------------+


+-------------------------------------------------------------------------------+
; Port Connectivity Checks: "divisor_frequencia:dividirfreq|FF_jk:FF_contador0" ;
+------+-------+----------+-----------------------------------------------------+
; Port ; Type  ; Severity ; Details                                             ;
+------+-------+----------+-----------------------------------------------------+
; j    ; Input ; Info     ; Stuck at VCC                                        ;
; k    ; Input ; Info     ; Stuck at VCC                                        ;
+------+-------+----------+-----------------------------------------------------+


+--------------------------------------------------------------------------+
; Port Connectivity Checks: "divisor_frequencia:dividirfreq|FF_jk:FF_jk26" ;
+------+-------+----------+------------------------------------------------+
; Port ; Type  ; Severity ; Details                                        ;
+------+-------+----------+------------------------------------------------+
; j    ; Input ; Info     ; Stuck at VCC                                   ;
; k    ; Input ; Info     ; Stuck at VCC                                   ;
+------+-------+----------+------------------------------------------------+


+--------------------------------------------------------------------------+
; Port Connectivity Checks: "divisor_frequencia:dividirfreq|FF_jk:FF_jk25" ;
+------+-------+----------+------------------------------------------------+
; Port ; Type  ; Severity ; Details                                        ;
+------+-------+----------+------------------------------------------------+
; j    ; Input ; Info     ; Stuck at VCC                                   ;
; k    ; Input ; Info     ; Stuck at VCC                                   ;
+------+-------+----------+------------------------------------------------+


+--------------------------------------------------------------------------+
; Port Connectivity Checks: "divisor_frequencia:dividirfreq|FF_jk:FF_jk24" ;
+------+-------+----------+------------------------------------------------+
; Port ; Type  ; Severity ; Details                                        ;
+------+-------+----------+------------------------------------------------+
; j    ; Input ; Info     ; Stuck at VCC                                   ;
; k    ; Input ; Info     ; Stuck at VCC                                   ;
+------+-------+----------+------------------------------------------------+


+--------------------------------------------------------------------------+
; Port Connectivity Checks: "divisor_frequencia:dividirfreq|FF_jk:FF_jk23" ;
+------+-------+----------+------------------------------------------------+
; Port ; Type  ; Severity ; Details                                        ;
+------+-------+----------+------------------------------------------------+
; j    ; Input ; Info     ; Stuck at VCC                                   ;
; k    ; Input ; Info     ; Stuck at VCC                                   ;
+------+-------+----------+------------------------------------------------+


+--------------------------------------------------------------------------+
; Port Connectivity Checks: "divisor_frequencia:dividirfreq|FF_jk:FF_jk22" ;
+------+-------+----------+------------------------------------------------+
; Port ; Type  ; Severity ; Details                                        ;
+------+-------+----------+------------------------------------------------+
; j    ; Input ; Info     ; Stuck at VCC                                   ;
; k    ; Input ; Info     ; Stuck at VCC                                   ;
+------+-------+----------+------------------------------------------------+


+--------------------------------------------------------------------------+
; Port Connectivity Checks: "divisor_frequencia:dividirfreq|FF_jk:FF_jk21" ;
+------+-------+----------+------------------------------------------------+
; Port ; Type  ; Severity ; Details                                        ;
+------+-------+----------+------------------------------------------------+
; j    ; Input ; Info     ; Stuck at VCC                                   ;
; k    ; Input ; Info     ; Stuck at VCC                                   ;
+------+-------+----------+------------------------------------------------+


+--------------------------------------------------------------------------+
; Port Connectivity Checks: "divisor_frequencia:dividirfreq|FF_jk:FF_jk20" ;
+------+-------+----------+------------------------------------------------+
; Port ; Type  ; Severity ; Details                                        ;
+------+-------+----------+------------------------------------------------+
; j    ; Input ; Info     ; Stuck at VCC                                   ;
; k    ; Input ; Info     ; Stuck at VCC                                   ;
+------+-------+----------+------------------------------------------------+


+--------------------------------------------------------------------------+
; Port Connectivity Checks: "divisor_frequencia:dividirfreq|FF_jk:FF_jk19" ;
+------+-------+----------+------------------------------------------------+
; Port ; Type  ; Severity ; Details                                        ;
+------+-------+----------+------------------------------------------------+
; j    ; Input ; Info     ; Stuck at VCC                                   ;
; k    ; Input ; Info     ; Stuck at VCC                                   ;
+------+-------+----------+------------------------------------------------+


+--------------------------------------------------------------------------+
; Port Connectivity Checks: "divisor_frequencia:dividirfreq|FF_jk:FF_jk18" ;
+------+-------+----------+------------------------------------------------+
; Port ; Type  ; Severity ; Details                                        ;
+------+-------+----------+------------------------------------------------+
; j    ; Input ; Info     ; Stuck at VCC                                   ;
; k    ; Input ; Info     ; Stuck at VCC                                   ;
+------+-------+----------+------------------------------------------------+


+--------------------------------------------------------------------------+
; Port Connectivity Checks: "divisor_frequencia:dividirfreq|FF_jk:FF_jk17" ;
+------+-------+----------+------------------------------------------------+
; Port ; Type  ; Severity ; Details                                        ;
+------+-------+----------+------------------------------------------------+
; j    ; Input ; Info     ; Stuck at VCC                                   ;
; k    ; Input ; Info     ; Stuck at VCC                                   ;
+------+-------+----------+------------------------------------------------+


+--------------------------------------------------------------------------+
; Port Connectivity Checks: "divisor_frequencia:dividirfreq|FF_jk:FF_jk16" ;
+------+-------+----------+------------------------------------------------+
; Port ; Type  ; Severity ; Details                                        ;
+------+-------+----------+------------------------------------------------+
; j    ; Input ; Info     ; Stuck at VCC                                   ;
; k    ; Input ; Info     ; Stuck at VCC                                   ;
+------+-------+----------+------------------------------------------------+


+--------------------------------------------------------------------------+
; Port Connectivity Checks: "divisor_frequencia:dividirfreq|FF_jk:FF_jk15" ;
+------+-------+----------+------------------------------------------------+
; Port ; Type  ; Severity ; Details                                        ;
+------+-------+----------+------------------------------------------------+
; j    ; Input ; Info     ; Stuck at VCC                                   ;
; k    ; Input ; Info     ; Stuck at VCC                                   ;
+------+-------+----------+------------------------------------------------+


+--------------------------------------------------------------------------+
; Port Connectivity Checks: "divisor_frequencia:dividirfreq|FF_jk:FF_jk14" ;
+------+-------+----------+------------------------------------------------+
; Port ; Type  ; Severity ; Details                                        ;
+------+-------+----------+------------------------------------------------+
; j    ; Input ; Info     ; Stuck at VCC                                   ;
; k    ; Input ; Info     ; Stuck at VCC                                   ;
+------+-------+----------+------------------------------------------------+


+--------------------------------------------------------------------------+
; Port Connectivity Checks: "divisor_frequencia:dividirfreq|FF_jk:FF_jk13" ;
+------+-------+----------+------------------------------------------------+
; Port ; Type  ; Severity ; Details                                        ;
+------+-------+----------+------------------------------------------------+
; j    ; Input ; Info     ; Stuck at VCC                                   ;
; k    ; Input ; Info     ; Stuck at VCC                                   ;
+------+-------+----------+------------------------------------------------+


+--------------------------------------------------------------------------+
; Port Connectivity Checks: "divisor_frequencia:dividirfreq|FF_jk:FF_jk12" ;
+------+-------+----------+------------------------------------------------+
; Port ; Type  ; Severity ; Details                                        ;
+------+-------+----------+------------------------------------------------+
; j    ; Input ; Info     ; Stuck at VCC                                   ;
; k    ; Input ; Info     ; Stuck at VCC                                   ;
+------+-------+----------+------------------------------------------------+


+--------------------------------------------------------------------------+
; Port Connectivity Checks: "divisor_frequencia:dividirfreq|FF_jk:FF_jk11" ;
+------+-------+----------+------------------------------------------------+
; Port ; Type  ; Severity ; Details                                        ;
+------+-------+----------+------------------------------------------------+
; j    ; Input ; Info     ; Stuck at VCC                                   ;
; k    ; Input ; Info     ; Stuck at VCC                                   ;
+------+-------+----------+------------------------------------------------+


+--------------------------------------------------------------------------+
; Port Connectivity Checks: "divisor_frequencia:dividirfreq|FF_jk:FF_jk10" ;
+------+-------+----------+------------------------------------------------+
; Port ; Type  ; Severity ; Details                                        ;
+------+-------+----------+------------------------------------------------+
; j    ; Input ; Info     ; Stuck at VCC                                   ;
; k    ; Input ; Info     ; Stuck at VCC                                   ;
+------+-------+----------+------------------------------------------------+


+-------------------------------------------------------------------------+
; Port Connectivity Checks: "divisor_frequencia:dividirfreq|FF_jk:FF_jk9" ;
+------+-------+----------+-----------------------------------------------+
; Port ; Type  ; Severity ; Details                                       ;
+------+-------+----------+-----------------------------------------------+
; j    ; Input ; Info     ; Stuck at VCC                                  ;
; k    ; Input ; Info     ; Stuck at VCC                                  ;
+------+-------+----------+-----------------------------------------------+


+-------------------------------------------------------------------------+
; Port Connectivity Checks: "divisor_frequencia:dividirfreq|FF_jk:FF_jk8" ;
+------+-------+----------+-----------------------------------------------+
; Port ; Type  ; Severity ; Details                                       ;
+------+-------+----------+-----------------------------------------------+
; j    ; Input ; Info     ; Stuck at VCC                                  ;
; k    ; Input ; Info     ; Stuck at VCC                                  ;
+------+-------+----------+-----------------------------------------------+


+-------------------------------------------------------------------------+
; Port Connectivity Checks: "divisor_frequencia:dividirfreq|FF_jk:FF_jk7" ;
+------+-------+----------+-----------------------------------------------+
; Port ; Type  ; Severity ; Details                                       ;
+------+-------+----------+-----------------------------------------------+
; j    ; Input ; Info     ; Stuck at VCC                                  ;
; k    ; Input ; Info     ; Stuck at VCC                                  ;
+------+-------+----------+-----------------------------------------------+


+-------------------------------------------------------------------------+
; Port Connectivity Checks: "divisor_frequencia:dividirfreq|FF_jk:FF_jk6" ;
+------+-------+----------+-----------------------------------------------+
; Port ; Type  ; Severity ; Details                                       ;
+------+-------+----------+-----------------------------------------------+
; j    ; Input ; Info     ; Stuck at VCC                                  ;
; k    ; Input ; Info     ; Stuck at VCC                                  ;
+------+-------+----------+-----------------------------------------------+


+-------------------------------------------------------------------------+
; Port Connectivity Checks: "divisor_frequencia:dividirfreq|FF_jk:FF_jk5" ;
+------+-------+----------+-----------------------------------------------+
; Port ; Type  ; Severity ; Details                                       ;
+------+-------+----------+-----------------------------------------------+
; j    ; Input ; Info     ; Stuck at VCC                                  ;
; k    ; Input ; Info     ; Stuck at VCC                                  ;
+------+-------+----------+-----------------------------------------------+


+-------------------------------------------------------------------------+
; Port Connectivity Checks: "divisor_frequencia:dividirfreq|FF_jk:FF_jk4" ;
+------+-------+----------+-----------------------------------------------+
; Port ; Type  ; Severity ; Details                                       ;
+------+-------+----------+-----------------------------------------------+
; j    ; Input ; Info     ; Stuck at VCC                                  ;
; k    ; Input ; Info     ; Stuck at VCC                                  ;
+------+-------+----------+-----------------------------------------------+


+-------------------------------------------------------------------------+
; Port Connectivity Checks: "divisor_frequencia:dividirfreq|FF_jk:FF_jk3" ;
+------+-------+----------+-----------------------------------------------+
; Port ; Type  ; Severity ; Details                                       ;
+------+-------+----------+-----------------------------------------------+
; j    ; Input ; Info     ; Stuck at VCC                                  ;
; k    ; Input ; Info     ; Stuck at VCC                                  ;
+------+-------+----------+-----------------------------------------------+


+-------------------------------------------------------------------------+
; Port Connectivity Checks: "divisor_frequencia:dividirfreq|FF_jk:FF_jk2" ;
+------+-------+----------+-----------------------------------------------+
; Port ; Type  ; Severity ; Details                                       ;
+------+-------+----------+-----------------------------------------------+
; j    ; Input ; Info     ; Stuck at VCC                                  ;
; k    ; Input ; Info     ; Stuck at VCC                                  ;
+------+-------+----------+-----------------------------------------------+


+-------------------------------------------------------------------------+
; Port Connectivity Checks: "divisor_frequencia:dividirfreq|FF_jk:FF_jk1" ;
+------+-------+----------+-----------------------------------------------+
; Port ; Type  ; Severity ; Details                                       ;
+------+-------+----------+-----------------------------------------------+
; j    ; Input ; Info     ; Stuck at VCC                                  ;
; k    ; Input ; Info     ; Stuck at VCC                                  ;
+------+-------+----------+-----------------------------------------------+


+-------------------------------+
; Analysis & Synthesis Messages ;
+-------------------------------+
Info: *******************************************************************
Info: Running Quartus Prime Analysis & Synthesis
    Info: Version 20.1.0 Build 711 06/05/2020 SJ Lite Edition
    Info: Processing started: Sun Oct 20 13:37:56 2024
Info: Command: quartus_map --read_settings_files=on --write_settings_files=off cachorro_automatico -c cachorro_automatico
Warning (18236): Number of processors has not been specified which may cause overloading on shared machines.  Set the global assignment NUM_PARALLEL_PROCESSORS in your QSF to an appropriate value for best performance.
Info (20030): Parallel compilation is enabled and will use 2 of the 2 processors detected
Info (12021): Found 1 design units, including 1 entities, in source file FF_jk.v
    Info (12023): Found entity 1: FF_jk File: /home/lucas/codigos/uefs/mi circuitos digitais/brinquedo_automatico-main/FF_jk.v Line: 5
Info (12021): Found 1 design units, including 1 entities, in source file divisor_frequencia.v
    Info (12023): Found entity 1: divisor_frequencia File: /home/lucas/codigos/uefs/mi circuitos digitais/brinquedo_automatico-main/divisor_frequencia.v Line: 7
Info (12021): Found 1 design units, including 1 entities, in source file FF_d.v
    Info (12023): Found entity 1: FF_d File: /home/lucas/codigos/uefs/mi circuitos digitais/brinquedo_automatico-main/FF_d.v Line: 1
Info (12021): Found 1 design units, including 1 entities, in source file gerenciar_tempo.v
    Info (12023): Found entity 1: gerenciar_tempo File: /home/lucas/codigos/uefs/mi circuitos digitais/brinquedo_automatico-main/gerenciar_tempo.v Line: 1
Info (12021): Found 2 design units, including 2 entities, in source file contador_sincrono.v
    Info (12023): Found entity 1: contador_sincrono File: /home/lucas/codigos/uefs/mi circuitos digitais/brinquedo_automatico-main/contador_sincrono.v Line: 1
    Info (12023): Found entity 2: controle File: /home/lucas/codigos/uefs/mi circuitos digitais/brinquedo_automatico-main/contador_sincrono.v Line: 16
Info (12021): Found 1 design units, including 1 entities, in source file main.v
    Info (12023): Found entity 1: main File: /home/lucas/codigos/uefs/mi circuitos digitais/brinquedo_automatico-main/main.v Line: 5
Info (12021): Found 8 design units, including 8 entities, in source file display.v
    Info (12023): Found entity 1: display File: /home/lucas/codigos/uefs/mi circuitos digitais/brinquedo_automatico-main/display.v Line: 1
    Info (12023): Found entity 2: segA File: /home/lucas/codigos/uefs/mi circuitos digitais/brinquedo_automatico-main/display.v Line: 24
    Info (12023): Found entity 3: segB File: /home/lucas/codigos/uefs/mi circuitos digitais/brinquedo_automatico-main/display.v Line: 39
    Info (12023): Found entity 4: segC File: /home/lucas/codigos/uefs/mi circuitos digitais/brinquedo_automatico-main/display.v Line: 54
    Info (12023): Found entity 5: segD File: /home/lucas/codigos/uefs/mi circuitos digitais/brinquedo_automatico-main/display.v Line: 68
    Info (12023): Found entity 6: segE File: /home/lucas/codigos/uefs/mi circuitos digitais/brinquedo_automatico-main/display.v Line: 92
    Info (12023): Found entity 7: segF File: /home/lucas/codigos/uefs/mi circuitos digitais/brinquedo_automatico-main/display.v Line: 108
    Info (12023): Found entity 8: segG File: /home/lucas/codigos/uefs/mi circuitos digitais/brinquedo_automatico-main/display.v Line: 128
Info (12021): Found 4 design units, including 4 entities, in source file velocidade_atual.v
    Info (12023): Found entity 1: velocidade_atual File: /home/lucas/codigos/uefs/mi circuitos digitais/brinquedo_automatico-main/velocidade_atual.v Line: 1
    Info (12023): Found entity 2: seg0 File: /home/lucas/codigos/uefs/mi circuitos digitais/brinquedo_automatico-main/velocidade_atual.v Line: 25
    Info (12023): Found entity 3: seg1 File: /home/lucas/codigos/uefs/mi circuitos digitais/brinquedo_automatico-main/velocidade_atual.v Line: 35
    Info (12023): Found entity 4: seg2 File: /home/lucas/codigos/uefs/mi circuitos digitais/brinquedo_automatico-main/velocidade_atual.v Line: 46
Info (12021): Found 2 design units, including 2 entities, in source file demux_1x4.v
    Info (12023): Found entity 1: demux_1x4 File: /home/lucas/codigos/uefs/mi circuitos digitais/brinquedo_automatico-main/demux_1x4.v Line: 1
    Info (12023): Found entity 2: demux_1x2 File: /home/lucas/codigos/uefs/mi circuitos digitais/brinquedo_automatico-main/demux_1x4.v Line: 15
Warning (10236): Verilog HDL Implicit Net warning at velocidade_atual.v(6): created implicit net for "da" File: /home/lucas/codigos/uefs/mi circuitos digitais/brinquedo_automatico-main/velocidade_atual.v Line: 6
Warning (10236): Verilog HDL Implicit Net warning at velocidade_atual.v(7): created implicit net for "db" File: /home/lucas/codigos/uefs/mi circuitos digitais/brinquedo_automatico-main/velocidade_atual.v Line: 7
Warning (10236): Verilog HDL Implicit Net warning at velocidade_atual.v(8): created implicit net for "dc" File: /home/lucas/codigos/uefs/mi circuitos digitais/brinquedo_automatico-main/velocidade_atual.v Line: 8
Critical Warning (10846): Verilog HDL Instantiation warning at main.v(22): instance has no name File: /home/lucas/codigos/uefs/mi circuitos digitais/brinquedo_automatico-main/main.v Line: 22
Info (12127): Elaborating entity "main" for the top level hierarchy
Info (12128): Elaborating entity "divisor_frequencia" for hierarchy "divisor_frequencia:dividirfreq" File: /home/lucas/codigos/uefs/mi circuitos digitais/brinquedo_automatico-main/main.v Line: 13
Info (12128): Elaborating entity "FF_jk" for hierarchy "divisor_frequencia:dividirfreq|FF_jk:FF_jk1" File: /home/lucas/codigos/uefs/mi circuitos digitais/brinquedo_automatico-main/divisor_frequencia.v Line: 16
Info (12128): Elaborating entity "gerenciar_tempo" for hierarchy "gerenciar_tempo:gerenciar_tempo_insta" File: /home/lucas/codigos/uefs/mi circuitos digitais/brinquedo_automatico-main/main.v Line: 20
Info (12128): Elaborating entity "contador_sincrono" for hierarchy "contador_sincrono:comb_4" File: /home/lucas/codigos/uefs/mi circuitos digitais/brinquedo_automatico-main/main.v Line: 22
Info (12128): Elaborating entity "controle" for hierarchy "contador_sincrono:comb_4|controle:controle_instan" File: /home/lucas/codigos/uefs/mi circuitos digitais/brinquedo_automatico-main/contador_sincrono.v Line: 7
Info (12128): Elaborating entity "FF_d" for hierarchy "contador_sincrono:comb_4|FF_d:Ff_A" File: /home/lucas/codigos/uefs/mi circuitos digitais/brinquedo_automatico-main/contador_sincrono.v Line: 8
Info (12128): Elaborating entity "display" for hierarchy "display:display_acoes" File: /home/lucas/codigos/uefs/mi circuitos digitais/brinquedo_automatico-main/main.v Line: 24
Info (12128): Elaborating entity "segA" for hierarchy "display:display_acoes|segA:segA_instan" File: /home/lucas/codigos/uefs/mi circuitos digitais/brinquedo_automatico-main/display.v Line: 10
Info (12128): Elaborating entity "segB" for hierarchy "display:display_acoes|segB:segB_instan" File: /home/lucas/codigos/uefs/mi circuitos digitais/brinquedo_automatico-main/display.v Line: 11
Info (12128): Elaborating entity "segC" for hierarchy "display:display_acoes|segC:segC_instan" File: /home/lucas/codigos/uefs/mi circuitos digitais/brinquedo_automatico-main/display.v Line: 12
Info (12128): Elaborating entity "segD" for hierarchy "display:display_acoes|segD:segD_instan" File: /home/lucas/codigos/uefs/mi circuitos digitais/brinquedo_automatico-main/display.v Line: 13
Info (12128): Elaborating entity "segE" for hierarchy "display:display_acoes|segE:segE_instan" File: /home/lucas/codigos/uefs/mi circuitos digitais/brinquedo_automatico-main/display.v Line: 14
Info (12128): Elaborating entity "segF" for hierarchy "display:display_acoes|segF:segF_instan" File: /home/lucas/codigos/uefs/mi circuitos digitais/brinquedo_automatico-main/display.v Line: 15
Info (12128): Elaborating entity "segG" for hierarchy "display:display_acoes|segG:segG_instan" File: /home/lucas/codigos/uefs/mi circuitos digitais/brinquedo_automatico-main/display.v Line: 16
Warning (19016): Clock multiplexers are found and protected
    Warning (19017): Found clock multiplexer gerenciar_tempo:gerenciar_tempo_insta|Or0~0 File: /home/lucas/codigos/uefs/mi circuitos digitais/brinquedo_automatico-main/gerenciar_tempo.v Line: 15
Warning (13024): Output pins are stuck at VCC or GND
    Warning (13410): Pin "p" is stuck at VCC File: /home/lucas/codigos/uefs/mi circuitos digitais/brinquedo_automatico-main/main.v Line: 8
    Warning (13410): Pin "d1" is stuck at GND File: /home/lucas/codigos/uefs/mi circuitos digitais/brinquedo_automatico-main/main.v Line: 8
    Warning (13410): Pin "d2" is stuck at VCC File: /home/lucas/codigos/uefs/mi circuitos digitais/brinquedo_automatico-main/main.v Line: 8
    Warning (13410): Pin "d3" is stuck at VCC File: /home/lucas/codigos/uefs/mi circuitos digitais/brinquedo_automatico-main/main.v Line: 8
    Warning (13410): Pin "d4" is stuck at VCC File: /home/lucas/codigos/uefs/mi circuitos digitais/brinquedo_automatico-main/main.v Line: 8
Info (21057): Implemented 58 device resources after synthesis - the final resource count might be different
    Info (21058): Implemented 4 input pins
    Info (21059): Implemented 12 output pins
    Info (21061): Implemented 42 logic cells
Info (144001): Generated suppressed messages file /home/lucas/codigos/uefs/mi circuitos digitais/brinquedo_automatico-main/output_files/cachorro_automatico.map.smsg
Info: Quartus Prime Analysis & Synthesis was successful. 0 errors, 13 warnings
    Info: Peak virtual memory: 348 megabytes
    Info: Processing ended: Sun Oct 20 13:38:15 2024
    Info: Elapsed time: 00:00:19
    Info: Total CPU time (on all processors): 00:00:28


+------------------------------------------+
; Analysis & Synthesis Suppressed Messages ;
+------------------------------------------+
The suppressed messages can be found in /home/lucas/codigos/uefs/mi circuitos digitais/brinquedo_automatico-main/output_files/cachorro_automatico.map.smsg.


